<?xml version="1.0" encoding="UTF-8"?>
<!-- Generated by org.testng.reporters.JUnitReportReporter -->
<testsuite hostname="PRANSHU" failures="0" tests="6" name="runners.TestNGRunner" time="41.046" errors="0" timestamp="2026-06-02T12:54:14 IST" skipped="0">
  <testcase classname="runners.TestNGRunner" name="runScenario" time="7.692"/>
  <testcase classname="runners.TestNGRunner" name="runScenario" time="4.637"/>
  <testcase classname="runners.TestNGRunner" name="runScenario" time="6.214"/>
  <testcase classname="runners.TestNGRunner" name="runScenario" time="10.175"/>
  <testcase classname="runners.TestNGRunner" name="runScenario" time="8.818"/>
  <testcase classname="runners.TestNGRunner" name="runScenario" time="3.510"/>
</testsuite> <!-- runners.TestNGRunner -->
