<?xml version="1.0" encoding="UTF-8"?>
<!-- Generated by org.testng.reporters.JUnitReportReporter -->
<testsuite hostname="PRANSHU" failures="0" tests="3" name="testcases.StudentTest" time="0.004" errors="0" timestamp="2026-05-24T00:18:35 IST" skipped="0">
  <testcase classname="testcases.StudentTest" name="printStudentData" time="0.001"/>
  <testcase classname="testcases.StudentTest" name="printStudentData" time="0.001"/>
  <testcase classname="testcases.StudentTest" name="printStudentData" time="0.002"/>
</testsuite> <!-- testcases.StudentTest -->
