<?xml version="1.0" encoding="UTF-8"?>
<!-- Generated by org.testng.reporters.JUnitReportReporter -->
<testsuite hostname="PRANSHU" failures="0" tests="6" name="runners.TestRunner" time="27.628" errors="0" timestamp="2026-05-25T16:54:58 IST" skipped="0">
  <testcase classname="runners.TestRunner" name="runScenario" time="3.965"/>
  <testcase classname="runners.TestRunner" name="runScenario" time="7.060"/>
  <testcase classname="runners.TestRunner" name="runScenario" time="5.448"/>
  <testcase classname="runners.TestRunner" name="runScenario" time="3.059"/>
  <testcase classname="runners.TestRunner" name="runScenario" time="4.472"/>
  <testcase classname="runners.TestRunner" name="runScenario" time="3.624"/>
</testsuite> <!-- runners.TestRunner -->
