<?xml version="1.0" encoding="UTF-8"?>
<!-- Generated by org.testng.reporters.JUnitXMLReporter -->
<testsuite ignored="0" hostname="PRANSHU" failures="0" tests="7" name="AutomationTests" time="15.181" errors="0" timestamp="2026-05-24T00:18:35 IST">
  <testcase classname="testcases.LoginTest" name="verifyLogin" time="3.894"/>
  <testcase classname="testcases.RegistrationTest" name="verifyRegistration" time="2.348"/>
  <testcase classname="testcases.SearchTest" name="verifyProductSearch" time="0.417"/>
  <testcase classname="testcases.AddToCartTest" name="verifyAddToCart" time="0.602"/>
  <testcase classname="testcases.StudentTest" name="printStudentData" time="0.002"/>
  <testcase classname="testcases.StudentTest" name="printStudentData" time="0.001"/>
  <testcase classname="testcases.StudentTest" name="printStudentData" time="0.001"/>
</testsuite> <!-- AutomationTests -->
